<?xml version="1.0" encoding="UTF-8"?>
<testsuite xmlns:xsi="http://www.w3.org/2001/XMLSchema-instance" xsi:noNamespaceSchemaLocation="https://maven.apache.org/surefire/maven-surefire-plugin/xsd/surefire-test-report.xsd" version="3.0.2" name="iped.engine.search.ImageSimilarityLowScoreFilterTest" time="0.003" tests="1" errors="0" skipped="0" failures="0" flakes="0">
  <properties>
[...]
</properties>
  <testcase name="shouldFilterByDefaultAndCustomThreshold" classname="iped.engine.search.ImageSimilarityLowScoreFilterTest" time="0.002"/>
</testsuite>